[2020-06-02T19:00:03.012] [DEBUG] cheese - login => username:zs,password:123456
[2020-06-02T19:00:03.014] [DEBUG] cheese - zs
[2020-06-02T19:00:03.028] [DEBUG] cheese - null
[2020-06-02T19:00:03.029] [DEBUG] cheese - null
[2020-06-02T19:00:44.074] [DEBUG] cheese - login => username:admin,password:123456
[2020-06-02T19:00:44.074] [DEBUG] cheese - admin
[2020-06-02T19:00:44.085] [DEBUG] cheese - null
[2020-06-02T19:00:44.086] [DEBUG] cheese - null
[2020-06-03T15:46:32.682] [DEBUG] cheese - login => username:xx11,password:123111
[2020-06-03T15:46:32.970] [DEBUG] cheese - xx11
[2020-06-03T15:46:33.076] [DEBUG] cheese - null
[2020-06-03T15:46:33.077] [DEBUG] cheese - null
[2020-06-03T15:48:51.221] [DEBUG] cheese - login => username:xxaaa,password:123123
[2020-06-03T15:48:51.221] [DEBUG] cheese - xxaaa
[2020-06-03T15:48:51.224] [DEBUG] cheese - null
[2020-06-03T15:48:51.224] [DEBUG] cheese - null
[2020-06-03T15:51:38.721] [DEBUG] cheese - login => username:xxsss,password:123sss
[2020-06-03T15:51:38.721] [DEBUG] cheese - xxsss
[2020-06-03T15:51:38.726] [DEBUG] cheese - null
[2020-06-03T15:51:38.727] [DEBUG] cheese - null
[2020-06-03T15:52:05.607] [DEBUG] cheese - login => username:xxxxx,password:123123123
[2020-06-03T15:52:05.607] [DEBUG] cheese - xxxxx
[2020-06-03T15:52:05.610] [DEBUG] cheese - null
[2020-06-03T15:52:05.610] [DEBUG] cheese - null
[2020-06-03T15:55:40.820] [DEBUG] cheese - login => username:xxxx,password:123123
[2020-06-03T15:55:40.821] [DEBUG] cheese - xxxx
[2020-06-03T15:55:40.824] [DEBUG] cheese - null
[2020-06-03T15:55:40.824] [DEBUG] cheese - null
[2020-06-03T15:55:44.252] [DEBUG] cheese - login => username:xxxx,password:123123
[2020-06-03T15:55:44.252] [DEBUG] cheese - xxxx
[2020-06-03T15:55:44.257] [DEBUG] cheese - null
[2020-06-03T15:55:44.257] [DEBUG] cheese - null
[2020-06-03T15:55:52.081] [DEBUG] cheese - login => username:xxxx,password:123123123
[2020-06-03T15:55:52.081] [DEBUG] cheese - xxxx
[2020-06-03T15:55:52.083] [DEBUG] cheese - null
[2020-06-03T15:55:52.084] [DEBUG] cheese - null
[2020-06-03T15:55:52.930] [DEBUG] cheese - login => username:xxxx,password:123123123
[2020-06-03T15:55:52.930] [DEBUG] cheese - xxxx
[2020-06-03T15:55:52.933] [DEBUG] cheese - null
[2020-06-03T15:55:52.933] [DEBUG] cheese - null
[2020-06-03T15:56:30.918] [DEBUG] cheese - login => username:admin,password:123456
[2020-06-03T15:56:30.918] [DEBUG] cheese - admin
[2020-06-03T15:56:30.923] [DEBUG] cheese - null
[2020-06-03T15:56:30.923] [DEBUG] cheese - null
[2020-06-03T16:20:38.600] [DEBUG] cheese - login => username:xxxxx,password:123123
[2020-06-03T16:20:38.600] [DEBUG] cheese - xxxxx
[2020-06-03T16:20:38.603] [DEBUG] cheese - null
[2020-06-03T16:20:38.604] [DEBUG] cheese - null
[2020-06-03T16:21:19.684] [DEBUG] cheese - login => username:xxsss,password:123sss
[2020-06-03T16:21:19.684] [DEBUG] cheese - xxsss
[2020-06-03T16:21:19.686] [DEBUG] cheese - null
[2020-06-03T16:21:19.686] [DEBUG] cheese - null
[2020-06-03T16:21:50.792] [DEBUG] cheese - login => username:admin,password:123456
[2020-06-03T16:21:50.792] [DEBUG] cheese - admin
[2020-06-03T16:21:50.797] [DEBUG] cheese - null
[2020-06-03T16:21:50.797] [DEBUG] cheese - null
[2020-06-03T16:28:00.804] [DEBUG] cheese - login => username:admin,password:123456
[2020-06-03T16:28:00.804] [DEBUG] cheese - admin
[2020-06-03T16:28:00.808] [DEBUG] cheese - null
[2020-06-03T16:28:00.808] [DEBUG] cheese - null
[2020-06-03T16:29:03.645] [DEBUG] cheese - login => username:admin,password:123456
[2020-06-03T16:29:03.645] [DEBUG] cheese - admin
[2020-06-03T16:29:03.651] [DEBUG] cheese - null
[2020-06-03T16:29:03.651] [DEBUG] cheese - null
[2020-06-03T16:41:05.179] [DEBUG] cheese - login => username:admin,password:123456
[2020-06-03T16:41:05.180] [DEBUG] cheese - admin
[2020-06-03T16:41:05.183] [DEBUG] cheese - null
[2020-06-03T16:41:05.184] [DEBUG] cheese - null
[2020-06-03T18:48:51.139] [DEBUG] cheese - login => username:admin,password:123456
[2020-06-03T18:48:51.139] [DEBUG] cheese - admin
[2020-06-03T18:48:51.143] [DEBUG] cheese - null
[2020-06-03T18:48:51.143] [DEBUG] cheese - null
[2020-06-03T18:50:01.729] [DEBUG] cheese - login => username:adm,password:123456aa
[2020-06-03T18:50:01.729] [DEBUG] cheese - adm
[2020-06-03T18:50:01.734] [DEBUG] cheese - null
[2020-06-03T18:50:01.735] [DEBUG] cheese - null
[2020-06-03T18:50:26.382] [DEBUG] cheese - login => username:aaa,password:123456ss
[2020-06-03T18:50:26.382] [DEBUG] cheese - aaa
[2020-06-03T18:50:26.385] [DEBUG] cheese - null
[2020-06-03T18:50:26.385] [DEBUG] cheese - null
[2020-06-03T18:50:29.335] [DEBUG] cheese - login => username:aaa,password:123456ss
[2020-06-03T18:50:29.335] [DEBUG] cheese - aaa
[2020-06-03T18:50:29.338] [DEBUG] cheese - null
[2020-06-03T18:50:29.338] [DEBUG] cheese - null
[2020-06-03T18:51:18.247] [DEBUG] cheese - login => username:admin,password:123456
[2020-06-03T18:51:18.247] [DEBUG] cheese - admin
[2020-06-03T18:51:18.250] [DEBUG] cheese - null
[2020-06-03T18:51:18.250] [DEBUG] cheese - null
[2020-06-03T18:59:01.901] [DEBUG] cheese - login => username:admin,password:123456
[2020-06-03T18:59:01.901] [DEBUG] cheese - admin
[2020-06-03T18:59:01.905] [DEBUG] cheese - null
[2020-06-03T18:59:01.906] [DEBUG] cheese - null
[2020-06-03T19:16:47.145] [DEBUG] cheese - login => username:admin,password:123456
[2020-06-03T19:16:47.145] [DEBUG] cheese - admin
[2020-06-03T19:16:47.151] [DEBUG] cheese - null
[2020-06-03T19:16:47.151] [DEBUG] cheese - null
[2020-06-03T19:25:41.334] [DEBUG] cheese - login => username:admin,password:123456
[2020-06-03T19:25:41.335] [DEBUG] cheese - admin
[2020-06-03T19:25:41.339] [DEBUG] cheese - null
[2020-06-03T19:25:41.339] [DEBUG] cheese - null
[2020-06-03T20:36:14.961] [DEBUG] cheese - login => username:admin,password:123456
[2020-06-03T20:36:14.962] [DEBUG] cheese - admin
[2020-06-03T20:36:14.973] [DEBUG] cheese - null
[2020-06-03T20:36:14.974] [DEBUG] cheese - null
[2020-06-03T20:39:23.524] [DEBUG] cheese - login => username:admin,password:123456
[2020-06-03T20:39:23.524] [DEBUG] cheese - admin
[2020-06-03T20:39:23.527] [DEBUG] cheese - null
[2020-06-03T20:39:23.527] [DEBUG] cheese - null
[2020-06-04T10:53:24.871] [DEBUG] cheese - login => username:admin,password:123456
[2020-06-04T10:53:24.873] [DEBUG] cheese - admin
[2020-06-04T10:53:24.886] [DEBUG] cheese - null
[2020-06-04T10:53:24.886] [DEBUG] cheese - null
[2020-06-04T11:42:49.225] [DEBUG] cheese - login => username:admin,password:123456
[2020-06-04T11:42:49.225] [DEBUG] cheese - admin
[2020-06-04T11:42:49.228] [DEBUG] cheese - null
[2020-06-04T11:42:49.229] [DEBUG] cheese - null
[2020-06-04T13:51:59.239] [DEBUG] cheese - login => username:admin,password:123456
[2020-06-04T13:51:59.241] [DEBUG] cheese - admin
[2020-06-04T13:51:59.320] [DEBUG] cheese - null
[2020-06-04T13:51:59.321] [DEBUG] cheese - null
[2020-06-04T14:26:47.863] [DEBUG] cheese - login => username:admin,password:123456
[2020-06-04T14:26:47.864] [DEBUG] cheese - admin
[2020-06-04T14:26:47.869] [DEBUG] cheese - null
[2020-06-04T14:26:47.870] [DEBUG] cheese - null
[2020-06-04T14:56:25.124] [DEBUG] cheese - login => username:admin,password:123456
[2020-06-04T14:56:25.125] [DEBUG] cheese - admin
[2020-06-04T14:56:25.130] [DEBUG] cheese - null
[2020-06-04T14:56:25.130] [DEBUG] cheese - null
[2020-06-04T17:27:44.825] [DEBUG] cheese - login => username:admin,password:123456
[2020-06-04T17:27:44.827] [DEBUG] cheese - admin
[2020-06-04T17:27:44.842] [DEBUG] cheese - null
[2020-06-04T17:27:44.842] [DEBUG] cheese - null
[2020-06-04T20:20:07.608] [DEBUG] cheese - login => username:admin,password:123456
[2020-06-04T20:20:07.608] [DEBUG] cheese - admin
[2020-06-04T20:20:07.612] [DEBUG] cheese - null
[2020-06-04T20:20:07.612] [DEBUG] cheese - null
[2020-06-04T20:45:21.241] [DEBUG] cheese - login => username:admin,password:123456
[2020-06-04T20:45:21.241] [DEBUG] cheese - admin
[2020-06-04T20:45:21.244] [DEBUG] cheese - null
[2020-06-04T20:45:21.244] [DEBUG] cheese - null
[2020-06-04T20:48:33.087] [DEBUG] cheese - login => username:admin,password:123456
[2020-06-04T20:48:33.088] [DEBUG] cheese - admin
[2020-06-04T20:48:33.092] [DEBUG] cheese - null
[2020-06-04T20:48:33.092] [DEBUG] cheese - null
[2020-06-04T20:48:43.159] [DEBUG] cheese - login => username:admin,password:123456
[2020-06-04T20:48:43.159] [DEBUG] cheese - admin
[2020-06-04T20:48:43.161] [DEBUG] cheese - null
[2020-06-04T20:48:43.162] [DEBUG] cheese - null
[2020-06-06T13:01:32.417] [DEBUG] cheese - login => username:admin,password:123456
[2020-06-06T13:01:32.418] [DEBUG] cheese - admin
[2020-06-06T13:01:32.426] [DEBUG] cheese - null
[2020-06-06T13:01:32.427] [DEBUG] cheese - null
[2020-06-07T15:56:56.130] [DEBUG] cheese - login => username:admin,password:123456
[2020-06-07T15:56:56.130] [DEBUG] cheese - admin
[2020-06-07T15:56:56.134] [DEBUG] cheese - null
[2020-06-07T15:56:56.134] [DEBUG] cheese - null
[2020-06-08T10:12:57.428] [DEBUG] cheese - login => username:admin,password:123456
[2020-06-08T10:12:57.430] [DEBUG] cheese - admin
[2020-06-08T10:12:57.532] [DEBUG] cheese - null
[2020-06-08T10:12:57.532] [DEBUG] cheese - null
[2020-06-08T10:43:29.082] [DEBUG] cheese - login => username:admin,password:123456
[2020-06-08T10:43:29.083] [DEBUG] cheese - admin
[2020-06-08T10:43:29.085] [DEBUG] cheese - null
[2020-06-08T10:43:29.086] [DEBUG] cheese - null
[2020-06-08T10:43:38.525] [DEBUG] cheese - null
[2020-06-08T10:46:35.811] [DEBUG] cheese - null
[2020-06-08T10:47:54.334] [DEBUG] cheese - null
[2020-06-08T10:47:56.898] [DEBUG] cheese - null
[2020-06-08T10:48:33.387] [DEBUG] cheese - login => username:admin,password:123456
[2020-06-08T10:48:33.387] [DEBUG] cheese - admin
[2020-06-08T10:48:33.390] [DEBUG] cheese - null
[2020-06-08T10:48:33.390] [DEBUG] cheese - null
[2020-06-08T10:50:12.697] [DEBUG] cheese - login => username:admin,password:123456
[2020-06-08T10:50:12.697] [DEBUG] cheese - admin
[2020-06-08T10:50:12.700] [DEBUG] cheese - null
[2020-06-08T10:50:12.700] [DEBUG] cheese - null
[2020-06-08T11:30:19.095] [DEBUG] cheese - login => username:admin,password:123456
[2020-06-08T11:30:19.096] [DEBUG] cheese - admin
[2020-06-08T11:30:19.099] [DEBUG] cheese - null
[2020-06-08T11:30:19.099] [DEBUG] cheese - null
[2020-06-09T11:18:52.242] [DEBUG] cheese - login => username:admin,password:123456
[2020-06-09T11:18:52.243] [DEBUG] cheese - admin
[2020-06-09T11:18:52.250] [DEBUG] cheese - null
[2020-06-09T11:18:52.250] [DEBUG] cheese - null
[2020-06-12T20:27:13.723] [DEBUG] cheese - login => username:admin,password:123456
[2020-06-12T20:27:13.734] [DEBUG] cheese - admin
[2020-06-12T20:27:13.822] [DEBUG] cheese - null
[2020-06-12T20:27:13.824] [DEBUG] cheese - null
[2020-07-22T22:40:55.962] [DEBUG] cheese - login => username:admin,password:123456
[2020-07-22T22:40:55.984] [DEBUG] cheese - admin
[2020-07-22T22:40:56.193] [DEBUG] cheese - null
[2020-07-22T22:40:56.195] [DEBUG] cheese - null
